<?xml version="1.0" encoding="UTF-8"?>
<testsuite name="com.example.demoandroid.UtilsUnitTest" tests="4" skipped="0" failures="0" errors="0" timestamp="2021-03-12T09:33:49" hostname="014e90099687" time="0.002">
  <properties/>
  <testcase name="test_sum" classname="com.example.demoandroid.UtilsUnitTest" time="0.001"/>
  <testcase name="test_minus_failed" classname="com.example.demoandroid.UtilsUnitTest" time="0.0"/>
  <testcase name="test_sum_fail" classname="com.example.demoandroid.UtilsUnitTest" time="0.001"/>
  <testcase name="test_minus" classname="com.example.demoandroid.UtilsUnitTest" time="0.0"/>
  <system-out><![CDATA[]]></system-out>
  <system-err><![CDATA[]]></system-err>
</testsuite>
