<?xml version="1.0" encoding="UTF-8"?>
<testsuite name="com.example.demoandroid.ExampleUnitTest" tests="4" skipped="0" failures="0" errors="0" timestamp="2021-03-12T09:33:49" hostname="014e90099687" time="25.524">
  <properties/>
  <testcase name="activityNotNull" classname="com.example.demoandroid.ExampleUnitTest" time="25.316"/>
  <testcase name="addition_isWrong" classname="com.example.demoandroid.ExampleUnitTest" time="0.077"/>
  <testcase name="addition_isCorrect" classname="com.example.demoandroid.ExampleUnitTest" time="0.07"/>
  <testcase name="helloButonText" classname="com.example.demoandroid.ExampleUnitTest" time="0.061"/>
  <system-out><![CDATA[Downloading from maven 
[Robolectric] com.example.demoandroid.ExampleUnitTest.activityNotNull: sdk=18; resources=LEGACY
[Robolectric] NOTICE: legacy resources mode is deprecated; see http://robolectric.org/migrating/#migrating-to-40
[Robolectric] com.example.demoandroid.ExampleUnitTest.addition_isWrong: sdk=18; resources=LEGACY
[Robolectric] NOTICE: legacy resources mode is deprecated; see http://robolectric.org/migrating/#migrating-to-40
[Robolectric] com.example.demoandroid.ExampleUnitTest.addition_isCorrect: sdk=18; resources=LEGACY
[Robolectric] NOTICE: legacy resources mode is deprecated; see http://robolectric.org/migrating/#migrating-to-40
[Robolectric] com.example.demoandroid.ExampleUnitTest.helloButonText: sdk=18; resources=LEGACY
[Robolectric] NOTICE: legacy resources mode is deprecated; see http://robolectric.org/migrating/#migrating-to-40
]]></system-out>
  <system-err><![CDATA[[Robolectric] WARN: Android SDK 10000 requires Java 9 (have Java 8). Tests won't be run on SDK 10000 unless explicitly requested.
Downloading: org/robolectric/android-all/4.3_r2-robolectric-r1/android-all-4.3_r2-robolectric-r1.pom from repository sonatype at https://oss.sonatype.org/content/groups/public/
Transferring 2K from sonatype
Downloading: org/sonatype/oss/oss-parent/9/oss-parent-9.pom from repository sonatype at https://oss.sonatype.org/content/groups/public/
Transferring 6K from sonatype
Downloading: org/robolectric/android-all/4.3_r2-robolectric-r1/android-all-4.3_r2-robolectric-r1.jar from repository sonatype at https://oss.sonatype.org/content/groups/public/
Transferring 44538K from sonatype
]]></system-err>
</testsuite>
